<?xml version="1.0" encoding="UTF-8"?>
<testng-results ignored="0" total="9" passed="9" failed="0" skipped="0">
  <reporter-output>
  </reporter-output>
  <suite started-at="2024-05-23T09:17:43 IST" name="Default suite" finished-at="2024-05-23T09:19:16 IST" duration-ms="92994">
    <groups>
    </groups>
    <test started-at="2024-05-23T09:17:43 IST" name="Default test" finished-at="2024-05-23T09:19:16 IST" duration-ms="92994">
      <class name="food.LaunchDominos_Test">
        <test-method signature="dominos()[pri:0, instance:food.LaunchDominos_Test@d86a6f]" started-at="2024-05-23T09:17:52 IST" name="dominos" finished-at="2024-05-23T09:18:19 IST" duration-ms="27803" status="PASS">
          <reporter-output>
          </reporter-output>
        </test-method> <!-- dominos -->
      </class> <!-- food.LaunchDominos_Test -->
      <class name="ecom.LaunchFlipkart_Test">
        <test-method signature="flipkart()[pri:0, instance:ecom.LaunchFlipkart_Test@4b45a2f5]" started-at="2024-05-23T09:17:43 IST" name="flipkart" finished-at="2024-05-23T09:17:52 IST" duration-ms="8792" status="PASS">
          <reporter-output>
          </reporter-output>
        </test-method> <!-- flipkart -->
      </class> <!-- ecom.LaunchFlipkart_Test -->
      <class name="beauty.LaunchLakme_Test">
        <test-method signature="lakme()[pri:0, instance:beauty.LaunchLakme_Test@2892d68]" started-at="2024-05-23T09:18:19 IST" name="lakme" finished-at="2024-05-23T09:18:23 IST" duration-ms="3774" status="PASS">
          <reporter-output>
          </reporter-output>
        </test-method> <!-- lakme -->
      </class> <!-- beauty.LaunchLakme_Test -->
      <class name="food.LaunchZomato_Test">
        <test-method signature="nykaa()[pri:0, instance:food.LaunchZomato_Test@3646a422]" started-at="2024-05-23T09:18:28 IST" name="nykaa" finished-at="2024-05-23T09:18:32 IST" duration-ms="3705" status="PASS">
          <reporter-output>
          </reporter-output>
        </test-method> <!-- nykaa -->
      </class> <!-- food.LaunchZomato_Test -->
      <class name="food.LaunchSwiggy_Test">
        <test-method signature="swiggy()[pri:0, instance:food.LaunchSwiggy_Test@5ab956d7]" started-at="2024-05-23T09:18:23 IST" name="swiggy" finished-at="2024-05-23T09:18:28 IST" duration-ms="4882" status="PASS">
          <reporter-output>
          </reporter-output>
        </test-method> <!-- swiggy -->
      </class> <!-- food.LaunchSwiggy_Test -->
      <class name="beauty.LaunchLoreal_Test">
        <test-method signature="loreal()[pri:0, instance:beauty.LaunchLoreal_Test@3e27aa33]" started-at="2024-05-23T09:18:37 IST" name="loreal" finished-at="2024-05-23T09:18:42 IST" duration-ms="4851" status="PASS">
          <reporter-output>
          </reporter-output>
        </test-method> <!-- loreal -->
      </class> <!-- beauty.LaunchLoreal_Test -->
      <class name="ecom.LaunchAmazon_Test">
        <test-method signature="amazon()[pri:0, instance:ecom.LaunchAmazon_Test@750e2b97]" started-at="2024-05-23T09:18:32 IST" name="amazon" finished-at="2024-05-23T09:18:37 IST" duration-ms="4956" status="PASS">
          <reporter-output>
          </reporter-output>
        </test-method> <!-- amazon -->
      </class> <!-- ecom.LaunchAmazon_Test -->
      <class name="beauty.LaunchNykaa_Test">
        <test-method signature="nykaa()[pri:0, instance:beauty.LaunchNykaa_Test@2e385cce]" started-at="2024-05-23T09:18:42 IST" name="nykaa" finished-at="2024-05-23T09:18:47 IST" duration-ms="4982" status="PASS">
          <reporter-output>
          </reporter-output>
        </test-method> <!-- nykaa -->
      </class> <!-- beauty.LaunchNykaa_Test -->
      <class name="ecom.LaunchAlibaba_Test">
        <test-method signature="flipkart()[pri:0, instance:ecom.LaunchAlibaba_Test@2ddc9a9f]" started-at="2024-05-23T09:18:47 IST" name="flipkart" finished-at="2024-05-23T09:19:16 IST" duration-ms="29198" status="PASS">
          <reporter-output>
          </reporter-output>
        </test-method> <!-- flipkart -->
      </class> <!-- ecom.LaunchAlibaba_Test -->
    </test> <!-- Default test -->
  </suite> <!-- Default suite -->
</testng-results>
