<?xml version="1.0" encoding="UTF-8"?>
<testng-results ignored="0" total="1" passed="1" failed="0" skipped="0">
  <reporter-output>
  </reporter-output>
  <suite started-at="2024-05-31T07:37:53 IST" name="Default suite" finished-at="2024-05-31T07:38:09 IST" duration-ms="16115">
    <groups>
    </groups>
    <test started-at="2024-05-31T07:37:53 IST" name="Default test" finished-at="2024-05-31T07:38:09 IST" duration-ms="16115">
      <class name="beauty.LaunchSugar">
        <test-method signature="sugar()[pri:0, instance:beauty.LaunchSugar@4d154ccd]" started-at="2024-05-31T07:37:53 IST" name="sugar" finished-at="2024-05-31T07:38:09 IST" duration-ms="16025" status="PASS">
          <reporter-output>
          </reporter-output>
        </test-method> <!-- sugar -->
      </class> <!-- beauty.LaunchSugar -->
    </test> <!-- Default test -->
  </suite> <!-- Default suite -->
</testng-results>
