<?xml version="1.0" encoding="UTF-8"?>
<!-- Generated by org.testng.reporters.JUnitXMLReporter -->
<testsuite ignored="0" hostname="Pradosh" failures="0" tests="9" name="Default test" time="92.994" errors="0" timestamp="2024-05-23T09:19:16 IST">
  <testcase classname="ecom.LaunchFlipkart_Test" name="flipkart" time="8.792"/>
  <testcase classname="food.LaunchDominos_Test" name="dominos" time="27.803"/>
  <testcase classname="beauty.LaunchLakme_Test" name="lakme" time="3.774"/>
  <testcase classname="food.LaunchSwiggy_Test" name="swiggy" time="4.882"/>
  <testcase classname="food.LaunchZomato_Test" name="nykaa" time="3.705"/>
  <testcase classname="ecom.LaunchAmazon_Test" name="amazon" time="4.956"/>
  <testcase classname="beauty.LaunchLoreal_Test" name="loreal" time="4.851"/>
  <testcase classname="beauty.LaunchNykaa_Test" name="nykaa" time="4.982"/>
  <testcase classname="ecom.LaunchAlibaba_Test" name="flipkart" time="29.198"/>
</testsuite> <!-- Default test -->
